B+ Tree Degree (must be at least 3): 4
######################################################
1. Insert
2. Search
3. Batch Search
4. Print Tree
5. Exit
######################################################
choice: 1

Value: 5

B+ Tree :
5  |
choice: 1

Value: 59

B+ Tree :
5 59  |
choice: 1

Value: 66

B+ Tree :
5 59 66  |
choice: 1

Value: 14

B+ Tree :
59  |
5 14  | 59 66  |
choice: 1

Value: 98

B+ Tree :
59  |
5 14  | 59 66 98  |
choice: 1

Value: 105

B+ Tree :
59 98  |
5 14  | 59 66  | 98 105  |
choice: 1

Value: 1500

B+ Tree :
59 98  |
5 14  | 59 66  | 98 105 1500  |
choice: 1

Value: 1109

B+ Tree :
59 98 1109  |
5 14  | 59 66  | 98 105  | 1109 1500  |
choice: 1

Value: 23

B+ Tree :
59 98 1109  |
5 14 23  | 59 66  | 98 105  | 1109 1500  |
choice: 1

Value: 50

B+ Tree :
59  |
23  | 98 1109  |
5 14  | 23 50  | 59 66  | 98 105  | 1109 1500  |
choice: 1

Value: 109

B+ Tree :
59  |
23  | 98 1109  |
5 14  | 23 50  | 59 66  | 98 105 109  | 1109 1500  |
choice: 1

Value: 90

B+ Tree :
59  |
23  | 98 1109  |
5 14  | 23 50  | 59 66 90  | 98 105 109  | 1109 1500  |
choice: 1

Value: 51

B+ Tree :
59  |
23  | 98 1109  |
5 14  | 23 50 51  | 59 66 90  | 98 105 109  | 1109 1500  |
choice: 1

Value: 52

B+ Tree :
59  |
23 51  | 98 1109  |
5 14  | 23 50  | 51 52  | 59 66 90  | 98 105 109  | 1109 1500  |
choice: 1

Value: 25

B+ Tree :
59  |
23 51  | 98 1109  |
5 14  | 23 25 50  | 51 52  | 59 66 90  | 98 105 109  | 1109 1500  |
choice: 1

Value: 26

B+ Tree :
59  |
23 26 51  | 98 1109  |
5 14  | 23 25  | 26 50  | 51 52  | 59 66 90  | 98 105 109  | 1109 1500  |
choice: 1

Value: 27

B+ Tree :
59  |
23 26 51  | 98 1109  |
5 14  | 23 25  | 26 27 50  | 51 52  | 59 66 90  | 98 105 109  | 1109 1500  |
choice: 1

Value: 28

B+ Tree :
26 59  |
23  | 28 51  | 98 1109  |
5 14  | 23 25  | 26 27  | 28 50  | 51 52  | 59 66 90  | 98 105 109  | 1109 1500  |
choice: 1

Value: 100

B+ Tree :
26 59  |
23  | 28 51  | 98 105 1109  |
5 14  | 23 25  | 26 27  | 28 50  | 51 52  | 59 66 90  | 98 100  | 105 109  | 1109 1500  |
choice: 1

Value: 92

B+ Tree :
26 59 98  |
23  | 28 51  | 90  | 105 1109  |
5 14  | 23 25  | 26 27  | 28 50  | 51 52  | 59 66  | 90 92  | 98 100  | 105 109  | 1109 1500  |
choice: 1

Value: 53

B+ Tree :
26 59 98  |
23  | 28 51  | 90  | 105 1109  |
5 14  | 23 25  | 26 27  | 28 50  | 51 52 53  | 59 66  | 90 92  | 98 100  | 105 109  | 1109 1500  |
choice: 1

Value: 17

B+ Tree :
26 59 98  |
23  | 28 51  | 90  | 105 1109  |
5 14 17  | 23 25  | 26 27  | 28 50  | 51 52 53  | 59 66  | 90 92  | 98 100  | 105 109  | 1109 1500  |
choice: 1

Value: 1

B+ Tree :
26 59 98  |
14 23  | 28 51  | 90  | 105 1109  |
1 5  | 14 17  | 23 25  | 26 27  | 28 50  | 51 52 53  | 59 66  | 90 92  | 98 100  | 105 109  | 1109 1500  |
choice: 1

Value: 0

B+ Tree :
26 59 98  |
14 23  | 28 51  | 90  | 105 1109  |
0 1 5  | 14 17  | 23 25  | 26 27  | 28 50  | 51 52 53  | 59 66  | 90 92  | 98 100  | 105 109  | 1109 1500  |
choice: 1

Value: 103

B+ Tree :
26 59 98  |
14 23  | 28 51  | 90  | 105 1109  |
0 1 5  | 14 17  | 23 25  | 26 27  | 28 50  | 51 52 53  | 59 66  | 90 92  | 98 100 103  | 105 109  | 1109 1500  |
choice: 1

Value: 108

B+ Tree :
26 59 98  |
14 23  | 28 51  | 90  | 105 1109  |
0 1 5  | 14 17  | 23 25  | 26 27  | 28 50  | 51 52 53  | 59 66  | 90 92  | 98 100 103  | 105 108 109  | 1109 1500  |
choice: 2

Search Value: 52
Value 52 matched
choice: 2

Search Value: 555
Value 555 does not exist
choice: 3

Batch Search:
start value: 5

end value: 52
Depth level: 1
Depth level: 2
5 14 17 23 25 26 27 28 50 51 52
choice: 4
26 59 98  |
14 23  | 28 51  | 90  | 105 1109  |
0 1 5  | 14 17  | 23 25  | 26 27  | 28 50  | 51 52 53  | 59 66  | 90 92  | 98 100 103  | 105 108 109  | 1109 1500  |
choice: 5

Greetings!!! see you later...